<?xml version="1.0" encoding="UTF-8" ?>
<testsuite failures="0" time="2.699" errors="0" skipped="0" tests="4" name="com.michalvich.cucumber.selenium.example.GoogleSearchTest">
  <properties>
[...]
</properties>
  <testcase time="0.001" classname="Given the page is open \&quot;http:\/\/www.google.com\&quot;   " name="Given the page is open \&quot;http:\/\/www.google.com\&quot;   "/>
  <testcase time="0" classname="When I search for \&quot;Cucumber\&quot;    " name="When I search for \&quot;Cucumber\&quot;    "/>
  <testcase time="0" classname="Then a browser title should contains \&quot;Cucumber\&quot;     " name="Then a browser title should contains \&quot;Cucumber\&quot;     "/>
  <testcase time="0.001" classname="Scenario: results are shown  " name="Scenario: results are shown  "/>
</testsuite>